20:49:00 - INFO - 
======================================================================
20:49:00 - INFO - PARAMETER SWEEP TESTING
20:49:00 - INFO - ======================================================================
20:49:00 - INFO - Runs per configuration: 10
20:49:00 - INFO - Outlier threshold: 50.0m
20:49:00 - INFO - ======================================================================

20:49:00 - INFO - âœ“ Backed up config to wagon_control/config.py.backup
20:49:00 - INFO - 
======================================================================
20:49:00 - INFO - Testing: VelCorrectionGain=0.35
20:49:00 - INFO - Parameters: {'LOCALIZER_VELOCITY_CORRECTION_GAIN': 0.35}
20:49:00 - INFO - ======================================================================
20:49:00 - INFO -   Run 1/10...
20:49:00 - ERROR - Test failed with exception: [Errno 2] No such file or directory: 'python'
20:49:00 - WARNING -     FAILED: [Errno 2] No such file or directory: 'python'
20:49:01 - INFO -   Run 2/10...
20:49:01 - ERROR - Test failed with exception: [Errno 2] No such file or directory: 'python'
20:49:01 - WARNING -     FAILED: [Errno 2] No such file or directory: 'python'
20:49:02 - INFO -   Run 3/10...
20:49:02 - ERROR - Test failed with exception: [Errno 2] No such file or directory: 'python'
20:49:02 - WARNING -     FAILED: [Errno 2] No such file or directory: 'python'
20:49:03 - INFO -   Run 4/10...
20:49:03 - ERROR - Test failed with exception: [Errno 2] No such file or directory: 'python'
20:49:03 - WARNING -     FAILED: [Errno 2] No such file or directory: 'python'
20:49:04 - INFO -   Run 5/10...
20:49:04 - ERROR - Test failed with exception: [Errno 2] No such file or directory: 'python'
20:49:04 - WARNING -     FAILED: [Errno 2] No such file or directory: 'python'
20:49:05 - INFO -   Run 6/10...
20:49:05 - ERROR - Test failed with exception: [Errno 2] No such file or directory: 'python'
20:49:05 - WARNING -     FAILED: [Errno 2] No such file or directory: 'python'
20:49:06 - INFO -   Run 7/10...
20:49:06 - ERROR - Test failed with exception: [Errno 2] No such file or directory: 'python'
20:49:06 - WARNING -     FAILED: [Errno 2] No such file or directory: 'python'
20:49:07 - INFO -   Run 8/10...
20:49:07 - ERROR - Test failed with exception: [Errno 2] No such file or directory: 'python'
20:49:07 - WARNING -     FAILED: [Errno 2] No such file or directory: 'python'
20:49:08 - INFO -   Run 9/10...
20:49:08 - ERROR - Test failed with exception: [Errno 2] No such file or directory: 'python'
20:49:08 - WARNING -     FAILED: [Errno 2] No such file or directory: 'python'
20:49:09 - INFO -   Run 10/10...
20:49:09 - ERROR - Test failed with exception: [Errno 2] No such file or directory: 'python'
20:49:09 - WARNING -     FAILED: [Errno 2] No such file or directory: 'python'
20:49:10 - INFO - 
======================================================================
20:49:10 - INFO - Testing: VelCorrectionGain=0.4
20:49:10 - INFO - Parameters: {'LOCALIZER_VELOCITY_CORRECTION_GAIN': 0.4}
20:49:10 - INFO - ======================================================================
20:49:10 - INFO -   Run 1/10...
20:49:10 - ERROR - Test failed with exception: [Errno 2] No such file or directory: 'python'
20:49:10 - WARNING -     FAILED: [Errno 2] No such file or directory: 'python'
20:49:11 - INFO -   Run 2/10...
20:49:11 - ERROR - Test failed with exception: [Errno 2] No such file or directory: 'python'
20:49:11 - WARNING -     FAILED: [Errno 2] No such file or directory: 'python'
20:49:12 - INFO -   Run 3/10...
20:49:12 - ERROR - Test failed with exception: [Errno 2] No such file or directory: 'python'
20:49:12 - WARNING -     FAILED: [Errno 2] No such file or directory: 'python'
20:49:13 - INFO -   Run 4/10...
20:49:13 - ERROR - Test failed with exception: [Errno 2] No such file or directory: 'python'
20:49:13 - WARNING -     FAILED: [Errno 2] No such file or directory: 'python'
20:49:14 - INFO -   Run 5/10...
20:49:14 - ERROR - Test failed with exception: [Errno 2] No such file or directory: 'python'
20:49:14 - WARNING -     FAILED: [Errno 2] No such file or directory: 'python'
20:49:15 - INFO -   Run 6/10...
20:49:15 - ERROR - Test failed with exception: [Errno 2] No such file or directory: 'python'
20:49:15 - WARNING -     FAILED: [Errno 2] No such file or directory: 'python'
20:49:16 - INFO -   Run 7/10...
20:49:16 - ERROR - Test failed with exception: [Errno 2] No such file or directory: 'python'
20:49:16 - WARNING -     FAILED: [Errno 2] No such file or directory: 'python'
20:49:17 - INFO -   Run 8/10...
20:49:17 - ERROR - Test failed with exception: [Errno 2] No such file or directory: 'python'
20:49:17 - WARNING -     FAILED: [Errno 2] No such file or directory: 'python'
20:49:18 - INFO -   Run 9/10...
20:49:18 - ERROR - Test failed with exception: [Errno 2] No such file or directory: 'python'
20:49:18 - WARNING -     FAILED: [Errno 2] No such file or directory: 'python'
20:49:19 - INFO -   Run 10/10...
20:49:19 - ERROR - Test failed with exception: [Errno 2] No such file or directory: 'python'
20:49:19 - WARNING -     FAILED: [Errno 2] No such file or directory: 'python'
20:49:20 - INFO - 
======================================================================
20:49:20 - INFO - Testing: VelCorrectionGain=0.45
20:49:20 - INFO - Parameters: {'LOCALIZER_VELOCITY_CORRECTION_GAIN': 0.45}
20:49:20 - INFO - ======================================================================
20:49:20 - INFO -   Run 1/10...
20:49:20 - ERROR - Test failed with exception: [Errno 2] No such file or directory: 'python'
20:49:20 - WARNING -     FAILED: [Errno 2] No such file or directory: 'python'
20:49:21 - INFO -   Run 2/10...
20:49:21 - ERROR - Test failed with exception: [Errno 2] No such file or directory: 'python'
20:49:21 - WARNING -     FAILED: [Errno 2] No such file or directory: 'python'
20:49:22 - INFO -   Run 3/10...
20:49:22 - ERROR - Test failed with exception: [Errno 2] No such file or directory: 'python'
20:49:22 - WARNING -     FAILED: [Errno 2] No such file or directory: 'python'
20:49:23 - INFO -   Run 4/10...
20:49:23 - ERROR - Test failed with exception: [Errno 2] No such file or directory: 'python'
20:49:23 - WARNING -     FAILED: [Errno 2] No such file or directory: 'python'
20:49:24 - INFO -   Run 5/10...
20:49:24 - ERROR - Test failed with exception: [Errno 2] No such file or directory: 'python'
20:49:24 - WARNING -     FAILED: [Errno 2] No such file or directory: 'python'
20:49:25 - INFO -   Run 6/10...
20:49:25 - ERROR - Test failed with exception: [Errno 2] No such file or directory: 'python'
20:49:25 - WARNING -     FAILED: [Errno 2] No such file or directory: 'python'
20:49:26 - INFO -   Run 7/10...
20:49:26 - ERROR - Test failed with exception: [Errno 2] No such file or directory: 'python'
20:49:26 - WARNING -     FAILED: [Errno 2] No such file or directory: 'python'
20:49:27 - INFO -   Run 8/10...
20:49:27 - ERROR - Test failed with exception: [Errno 2] No such file or directory: 'python'
20:49:27 - WARNING -     FAILED: [Errno 2] No such file or directory: 'python'
20:49:28 - INFO -   Run 9/10...
20:49:28 - ERROR - Test failed with exception: [Errno 2] No such file or directory: 'python'
20:49:28 - WARNING -     FAILED: [Errno 2] No such file or directory: 'python'
